<?xml version="1.0" encoding="UTF-8"?>
<!-- Generated by org.testng.reporters.JUnitReportReporter -->
<testsuite hostname="Yongs-MacBook-Air.local" name="com.mkyong.AppTest2" tests="1" failures="0" timestamp="10 Jul 2013 02:35:43 GMT" time="0.265" errors="0">
  <testcase name="launchJob" time="0.265" classname="com.mkyong.AppTest2"/>
</testsuite> <!-- com.mkyong.AppTest2 -->
