<?xml version="1.0" encoding="UTF-8" ?>
<testsuite failures="0" time="0.061" errors="0" skipped="0" tests="1" name="com.geekcap.javaworld.AppTest">
  <properties>
    <property name="java.runtime.name" value="Java(TM) SE Runtime Environment"/>
    <property name="sun.boot.library.path" value="D:\Java\jdk1.7.0_80\jre\bin"/>
    <property name="java.vm.version" value="24.80-b11"/>
    <property name="java.vm.vendor" value="Oracle Corporation"/>
    <property name="maven.multiModuleProjectDirectory" value=""/>
    <property name="java.vendor.url" value="http://java.oracle.com/"/>
    <property name="path.separator" value=";"/>
    <property name="guice.disable.misplaced.annotation.check" value="true"/>
    <property name="java.vm.name" value="Java HotSpot(TM) 64-Bit Server VM"/>
    <property name="file.encoding.pkg" value="sun.io"/>
    <property name="user.script" value=""/>
    <property name="user.country" value="CN"/>
    <property name="sun.java.launcher" value="SUN_STANDARD"/>
    <property name="sun.os.patch.level" value="Service Pack 1"/>
    <property name="java.vm.specification.name" value="Java Virtual Machine Specification"/>
    <property name="user.dir" value="D:\kenan.zhang\Downloads\spring-batch-example"/>
    <property name="java.runtime.version" value="1.7.0_80-b15"/>
    <property name="java.awt.graphicsenv" value="sun.awt.Win32GraphicsEnvironment"/>
    <property name="java.endorsed.dirs" value="D:\Java\jdk1.7.0_80\jre\lib\endorsed"/>
    <property name="os.arch" value="amd64"/>
    <property name="java.io.tmpdir" value="C:\Users\KENAN~1.ZHA\AppData\Local\Temp\"/>
    <property name="line.separator" value="
"/>
    <property name="java.vm.specification.vendor" value="Oracle Corporation"/>
    <property name="user.variant" value=""/>
    <property name="os.name" value="Windows 7"/>
    <property name="classworlds.conf" value="E:\mcip\.metadata\.plugins\org.maven.ide.eclipse\launches\m2conf4868685898551143785.tmp"/>
    <property name="sun.jnu.encoding" value="GBK"/>
    <property name="java.library.path" value="D:\Java\jdk1.7.0_80\bin;C:\Windows\Sun\Java\bin;C:\Windows\system32;C:\Windows;E:\oraclexe\app\oracle\product\11.2.0\server\bin;D:\software_installed\apache-maven-3.3.9\bin;E:\jad;E:\go1.7.1.windows-amd64\go\bin;D:\Python35-32\Scripts;D:\Python35-32;D:\Java\jdk1.8.0_60_64\bin;C:\Windows\system32;C:\Windows;C:\Windows\System32\Wbem;C:\Windows\System32\WindowsPowerShell\v1.0\;C:\Program Files\Intel\WiFi\bin\;C:\Program Files\Common Files\Intel\WirelessCommon\;E:\nodejs\;E:\scala\bin;C:\Program Files (x86)\scala\bin;E:\Groovy\Groovy-2.4.7\bin;E:\Git\cmd;E:\QuickTime\QTSystem\;E:\TortoiseGit\bin;E:\TortoiseSVN\bin;E:\UltraCompare;C:\Windows\SysWOW64\;C:\Windows\SYSWOW64;E:\Ruby23\bin;E:\SSH-Secure-Shell;D:\kenan.zhang\Application Data\npm;E:\Microsoft-VS-Code\bin;E:\Boot2DockerforWindows;."/>
    <property name="java.specification.name" value="Java Platform API Specification"/>
    <property name="java.class.version" value="51.0"/>
    <property name="sun.management.compiler" value="HotSpot 64-Bit Tiered Compilers"/>
    <property name="os.version" value="6.1"/>
    <property name="user.home" value="d:\kenan.zhang"/>
    <property name="user.timezone" value="Asia/Shanghai"/>
    <property name="java.awt.printerjob" value="sun.awt.windows.WPrinterJob"/>
    <property name="java.specification.version" value="1.7"/>
    <property name="file.encoding" value="UTF-8"/>
    <property name="user.name" value="kenan.zhang"/>
    <property name="java.class.path" value="D:\software_installed\apache-maven-3.3.9\boot\plexus-classworlds-2.5.2.jar"/>
    <property name="org.slf4j.simpleLogger.defaultLogLevel" value="debug"/>
    <property name="java.vm.specification.version" value="1.7"/>
    <property name="sun.arch.data.model" value="64"/>
    <property name="java.home" value="D:\Java\jdk1.7.0_80\jre"/>
    <property name="sun.java.command" value="org.codehaus.classworlds.Launcher -B -X -e -s d:\kenan.zhang\.m2\settings.xml test"/>
    <property name="java.specification.vendor" value="Oracle Corporation"/>
    <property name="user.language" value="zh"/>
    <property name="awt.toolkit" value="sun.awt.windows.WToolkit"/>
    <property name="java.vm.info" value="mixed mode"/>
    <property name="java.version" value="1.7.0_80"/>
    <property name="java.ext.dirs" value="D:\Java\jdk1.7.0_80\jre\lib\ext;C:\Windows\Sun\Java\lib\ext"/>
    <property name="sun.boot.class.path" value="D:\Java\jdk1.7.0_80\jre\lib\resources.jar;D:\Java\jdk1.7.0_80\jre\lib\rt.jar;D:\Java\jdk1.7.0_80\jre\lib\sunrsasign.jar;D:\Java\jdk1.7.0_80\jre\lib\jsse.jar;D:\Java\jdk1.7.0_80\jre\lib\jce.jar;D:\Java\jdk1.7.0_80\jre\lib\charsets.jar;D:\Java\jdk1.7.0_80\jre\lib\jfr.jar;D:\Java\jdk1.7.0_80\jre\classes"/>
    <property name="java.vendor" value="Oracle Corporation"/>
    <property name="maven.home" value="D:\software_installed\apache-maven-3.3.9"/>
    <property name="file.separator" value="\"/>
    <property name="java.vendor.url.bug" value="http://bugreport.sun.com/bugreport/"/>
    <property name="sun.cpu.endian" value="little"/>
    <property name="sun.io.unicode.encoding" value="UnicodeLittle"/>
    <property name="sun.desktop" value="windows"/>
    <property name="sun.cpu.isalist" value="amd64"/>
  </properties>
  <testcase time="0.061" classname="com.geekcap.javaworld.AppTest" name="testApp"/>
</testsuite>